date: 2014-05-26 19:39:06.572
argv: c:\Program Files\nodejs\node.exe c:\Users\dzw\AppData\Roaming\npm\node_modules\hexo\bin\hexo deploy
os: Windows_NT 6.1.7601 win32 ia32
version:
  hexo: 2.6.0
  http_parser: 1.0
  node: 0.10.28
  v8: 3.14.5.9
  ares: 1.9.0-DEV
  uv: 0.10.27
  zlib: 1.2.3
  modules: 11
  openssl: 1.0.1g
---

[debug] 19:39:05.906 Processed: draft.md
[debug] 19:39:05.906 Processed: photo.md
[debug] 19:39:05.906 Processed: page.md
[debug] 19:39:05.906 Processed: post.md
[debug] 19:39:05.907 Config file loaded
[debug] 19:39:05.913 Version info checked successfully
[debug] 19:39:06.360 Loading database.
[debug] 19:39:06.543 Script load successfully: fancybox.js
[info] 19:39:06.545 Start deploying: null
[error] 19:39:06.550 TypeError: Property 'null' of object #<Object> is not a function
TypeError: Property 'null' of object #<Object> is not a function
    at c:\Users\dzw\AppData\Roaming\npm\node_modules\hexo\lib\plugins\console\deploy.js:72:21
    at iterate (c:\Users\dzw\AppData\Roaming\npm\node_modules\hexo\node_modules\async\lib\async.js:149:13)
    at Object.async.eachSeries (c:\Users\dzw\AppData\Roaming\npm\node_modules\hexo\node_modules\async\lib\async.js:165:9)
    at c:\Users\dzw\AppData\Roaming\npm\node_modules\hexo\lib\plugins\console\deploy.js:67:11
    at c:\Users\dzw\AppData\Roaming\npm\node_modules\hexo\lib\plugins\console\deploy.js:33:27
    at Object.cb [as oncomplete] (fs.js:168:19)
